LOG DE PROCESAMIENTO DE FACTURAS
=================================

---------------------------------
Archivo: AMAZON_BUSINESS_EU_S.A.R.L._INV-2026-0001.pdf
Estado: OK
Proveedor: AMAZON BUSINESS EU S.A.R.L.
Factura: INV-2026-0001
Importe: 1076.90 EUR
Fecha proceso: 2026-07-02 10:50:06.367821
---------------------------------
Archivo: factura_amazon_demo.pdf
Estado: OK
Proveedor: AMAZON BUSINESS EU S.A.R.L.
Factura: INV-2026-0001
Importe: 1076.90 EUR
Fecha proceso: 2026-07-02 10:50:06.384316
---------------------------------
Archivo: factura_oracle_demo.pdf
Estado: OK
Proveedor: AMAZON BUSINESS EU S.A.R.L.
Factura: INV-2026-0001
Importe: 1076.90 EUR
Fecha proceso: 2026-07-02 10:50:06.391522
---------------------------------
Archivo: IBM_INV-2026-0005.pdf
Estado: OK
Proveedor: IBM
Factura: INV-2026-0005
Importe: 650.00 EUR
Fecha proceso: 2026-07-02 10:50:06.402539
---------------------------------
Archivo: MICROSOFT_INV-2026-0006.pdf
Estado: OK
Proveedor: MICROSOFT
Factura: INV-2026-0006
Importe: 350.00 EUR
Fecha proceso: 2026-07-02 10:50:06.413826
---------------------------------
Archivo: ORACLE_INV-2026-0002.pdf
Estado: RECHAZADA
Proveedor: ORACLE
Factura: INV-2026-0002
Importe: 980.00 EUR
Motivos de rechazo:
- Proveedor no permitido
Fecha proceso: 2026-07-02 10:50:06.425635
---------------------------------
Archivo: SAP_NO_INVOICE_NUMBER.pdf
Estado: OK
Proveedor: SAP
Factura: Invoice Date:
Importe: 400.00 EUR
Fecha proceso: 2026-07-02 10:50:12.816965
---------------------------------
Archivo: TESLA_INV-2026-0007.pdf
Estado: RECHAZADA
Proveedor: TESLA
Factura: INV-2026-0007
Importe: 250.00 EUR
Motivos de rechazo:
- Proveedor no permitido
Fecha proceso: 2026-07-02 10:50:12.829763
---------------------------------
Archivo: UNKNOWN_SUPPLIER_INV-2026-0003.pdf
Estado: RECHAZADA
Proveedor: Invoice Number:
Factura: INV-2026-0003
Importe: 150.00 EUR
Motivos de rechazo:
- Proveedor no permitido
Fecha proceso: 2026-07-02 10:50:18.143941

=================================
RESUMEN
=================================
Procesadas OK: 6
Errores/Rechazadas: 3
